------------------------------------------------------
 This job is allocated on 9 cpu(s)
Job is running on node(s): 
wn273.scope.unina.it
wn273.scope.unina.it
wn273.scope.unina.it
wn273.scope.unina.it
wn273.scope.unina.it
wn273.scope.unina.it
wn273.scope.unina.it
wn273.scope.unina.it
wn274.scope.unina.it
------------------------------------------------------
PBS: qsub is running on ui-studenti.scope.unina.it
PBS: originating queue is studenti
PBS: executing queue is studenti
PBS: working directory is /homes/DIS/CALCPAR/2019/M63000769/esercizi/esercizio_15
PBS: execution mode is PBS_BATCH
PBS: job identifier is 3924536.torque02.scope.unina.it
PBS: job name is esercizio_15
PBS: node file is /var/spool/pbs/aux//3924536.torque02.scope.unina.it
PBS: current home directory is /homes/DIS/CALCPAR/2019/M63000769
PBS: PATH = /usr/lib64/openmpi/1.2.7-gcc/bin:/usr/kerberos/bin:/opt/exp_soft/unina.it/intel/composer_xe_2013_sp1.3.174/bin/intel64:/opt/exp_soft/unina.it/intel/composer_xe_2013_sp1.3.174/mpirt/bin/intel64:/opt/exp_soft/unina.it/intel/composer_xe_2013_sp1.3.174/bin/intel64:/opt/exp_soft/unina.it/intel/composer_xe_2013_sp1.3.174/bin/intel64_mic:/opt/exp_soft/unina.it/intel/composer_xe_2013_sp1.3.174/debugger/gui/intel64:/opt/d-cache/srm/bin:/opt/d-cache/dcap/bin:/opt/edg/bin:/opt/glite/bin:/opt/globus/bin:/opt/lcg/bin:/usr/local/bin:/bin:/usr/bin:/opt/exp_soft/HADOOP/hadoop-1.0.3/bin:/opt/exp_soft/unina.it/intel/composerxe/bin/intel64/:/opt/exp_soft/unina.it/MPJExpress/mpj-v0_38/bin:/homes/DIS/CALCPAR/2019/M63000769/bin
------------------------------------------------------
Eseguo: /usr/lib64/openmpi/1.4-gcc/bin/mpicc -o /homes/DIS/CALCPAR/2019/M63000769/esercizi/esercizio_15/esercizio_15 /homes/DIS/CALCPAR/2019/M63000769/esercizi/esercizio_15/esercizio_15.c
Eseguo: /usr/lib64/openmpi/1.4-gcc/bin/mpiexec -machinefile /var/spool/pbs/aux//3924536.torque02.scope.unina.it -np 9 /homes/DIS/CALCPAR/2019/M63000769/esercizi/esercizio_15/esercizio_15
Ciao sono il processo 0 e mi chiamo wn273.scope.unina.it. Le mie coordinate sono: (0, 0)
Ciao sono il processo 1 e mi chiamo wn273.scope.unina.it. Le mie coordinate sono: (0, 1)
Ciao sono il processo 2 e mi chiamo wn273.scope.unina.it. Le mie coordinate sono: (0, 2)
Ciao sono il processo 3 e mi chiamo wn273.scope.unina.it. Le mie coordinate sono: (1, 0)
Ciao sono il processo 4 e mi chiamo wn273.scope.unina.it. Le mie coordinate sono: (1, 1)
Ciao sono il processo 5 e mi chiamo wn273.scope.unina.it. Le mie coordinate sono: (1, 2)
Ciao sono il processo 6 e mi chiamo wn273.scope.unina.it. Le mie coordinate sono: (2, 0)
Ciao sono il processo 7 e mi chiamo wn273.scope.unina.it. Le mie coordinate sono: (2, 1)
Sono il processo 0 e stampo matrice r=7 x c=8: 
Processo 0, Riga 0 : 1.000000  2.000000  3.000000  4.000000  5.000000  6.000000  7.000000  8.000000  
Processo 0, Riga 1 : 9.000000  10.000000  11.000000  12.000000  13.000000  14.000000  15.000000  16.000000  
Processo 0, Riga 2 : 17.000000  18.000000  19.000000  20.000000  21.000000  22.000000  23.000000  24.000000  
Processo 0, Riga 3 : 25.000000  26.000000  27.000000  28.000000  29.000000  30.000000  31.000000  32.000000  
Processo 0, Riga 4 : 33.000000  34.000000  35.000000  36.000000  37.000000  38.000000  39.000000  40.000000  
Processo 0, Riga 5 : 41.000000  42.000000  43.000000  44.000000  45.000000  46.000000  47.000000  48.000000  
Processo 0, Riga 6 : 49.000000  50.000000  51.000000  52.000000  53.000000  54.000000  55.000000  56.000000  
Ciao sono il processo 8 e mi chiamo wn274.scope.unina.it. Le mie coordinate sono: (2, 2)
Sono il processo 3 e stampo matrice r=2 x c=8: 
Sono il processo 0 e stampo matrice r=3 x c=8: 
Processo 0, Riga 0 : 1.000000  2.000000  3.000000  4.000000  5.000000  6.000000  7.000000  8.000000  
Processo 0, Riga 1 : 9.000000  10.000000  11.000000  12.000000  13.000000  14.000000  15.000000  16.000000  
Processo 0, Riga 2 : 17.000000  18.000000  19.000000  20.000000  21.000000  22.000000  23.000000  24.000000  
Processo 3, Riga 0 : 25.000000  26.000000  27.000000  28.000000  29.000000  30.000000  31.000000  32.000000  
Processo 3, Riga 1 : 33.000000  34.000000  35.000000  36.000000  37.000000  38.000000  39.000000  40.000000  
Sono il processo 6 e stampo matrice r=2 x c=8: 
Processo 6, Riga 0 : 41.000000  42.000000  43.000000  44.000000  45.000000  46.000000  47.000000  48.000000  
Processo 6, Riga 1 : 49.000000  50.000000  51.000000  52.000000  53.000000  54.000000  55.000000  56.000000  
Sono il processo 0 e stampo matrice r=3 x c=3: 
Sono il processo 7 e stampo matrice r=2 x c=3: 
Sono il processo 1 e stampo matrice r=3 x c=3: 
Processo 1, Riga 0 : 4.000000  5.000000  6.000000  
Processo 7, Riga 0 : 44.000000  45.000000  46.000000  
Sono il processo 3 e stampo matrice r=2 x c=3: 
Processo 3, Riga 0 : 25.000000  26.000000  27.000000  
Processo 0, Riga 0 : 1.000000  2.000000  3.000000  
Sono il processo 4 e stampo matrice r=2 x c=3: 
Processo 4, Riga 0 : 28.000000  29.000000  30.000000  
Processo 4, Riga 1 : 36.000000  37.000000  38.000000  
Sono il processo 8 e stampo matrice r=2 x c=2: 
Processo 3, Riga 1 : 33.000000  34.000000  35.000000  
Processo 1, Riga 1 : 12.000000  13.000000  14.000000  
Processo 1, Riga 2 : 20.000000  21.000000  22.000000  
Sono il processo 2 e stampo matrice r=3 x c=2: 
Processo 2, Riga 0 : 7.000000  8.000000  
Processo 2, Riga 1 : 15.000000  16.000000  
Processo 2, Riga 2 : 23.000000  24.000000  
Sono il processo 6 e stampo matrice r=2 x c=3: 
Processo 6, Riga 0 : 41.000000  42.000000  43.000000  
Processo 6, Riga 1 : 49.000000  50.000000  51.000000  
Processo 0, Riga 1 : 9.000000  10.000000  11.000000  
Processo 0, Riga 2 : 17.000000  18.000000  19.000000  
Sono il processo 5 e stampo matrice r=2 x c=2: 
Processo 5, Riga 0 : 31.000000  32.000000  
Processo 5, Riga 1 : 39.000000  40.000000  
Processo 7, Riga 1 : 52.000000  53.000000  54.000000  
Processo 8, Riga 0 : 47.000000  48.000000  
Processo 8, Riga 1 : 55.000000  56.000000  
