------------------------------------------------------
 This job is allocated on 4 cpu(s)
Job is running on node(s): 
wn273.scope.unina.it
wn273.scope.unina.it
wn273.scope.unina.it
wn273.scope.unina.it
------------------------------------------------------
PBS: qsub is running on ui-studenti.scope.unina.it
PBS: originating queue is studenti
PBS: executing queue is studenti
PBS: working directory is /homes/DIS/CALCPAR/2019/M63000769/elaborati/elaborato_1/prodotto_scalare
PBS: execution mode is PBS_BATCH
PBS: job identifier is 3917716.torque02.scope.unina.it
PBS: job name is elaborato_1
PBS: node file is /var/spool/pbs/aux//3917716.torque02.scope.unina.it
PBS: current home directory is /homes/DIS/CALCPAR/2019/M63000769
PBS: PATH = /usr/lib64/openmpi/1.2.7-gcc/bin:/usr/kerberos/bin:/opt/exp_soft/unina.it/intel/composer_xe_2013_sp1.3.174/bin/intel64:/opt/exp_soft/unina.it/intel/composer_xe_2013_sp1.3.174/mpirt/bin/intel64:/opt/exp_soft/unina.it/intel/composer_xe_2013_sp1.3.174/bin/intel64:/opt/exp_soft/unina.it/intel/composer_xe_2013_sp1.3.174/bin/intel64_mic:/opt/exp_soft/unina.it/intel/composer_xe_2013_sp1.3.174/debugger/gui/intel64:/opt/d-cache/srm/bin:/opt/d-cache/dcap/bin:/opt/edg/bin:/opt/glite/bin:/opt/globus/bin:/opt/lcg/bin:/usr/local/bin:/bin:/usr/bin:/opt/exp_soft/HADOOP/hadoop-1.0.3/bin:/opt/exp_soft/unina.it/intel/composerxe/bin/intel64/:/opt/exp_soft/unina.it/MPJExpress/mpj-v0_38/bin:/homes/DIS/CALCPAR/2019/M63000769/bin
------------------------------------------------------
Eseguo: /usr/lib64/openmpi/1.4-gcc/bin/mpicc -o /homes/DIS/CALCPAR/2019/M63000769/elaborati/elaborato_1/prodotto_scalare/elaborato_1 /homes/DIS/CALCPAR/2019/M63000769/elaborati/elaborato_1/prodotto_scalare/elaborato_1.c
Eseguo: /usr/lib64/openmpi/1.4-gcc/bin/mpiexec -machinefile /var/spool/pbs/aux//3917716.torque02.scope.unina.it -np 4 /homes/DIS/CALCPAR/2019/M63000769/elaborati/elaborato_1/prodotto_scalare/elaborato_1
Ciao sono il processo 1 e mi chiamo wn273.scope.unina.it
Ciao sono il processo 3 e mi chiamo wn273.scope.unina.it
Ciao sono il processo 0 e mi chiamo wn273.scope.unina.it
Ciao sono il processo 2 e mi chiamo wn273.scope.unina.it
Sono il processo 0. Il mio prodotto scalare parziale è: 78539.8163397394964704
Sono il processo 1. Il mio prodotto scalare parziale è: 78539.8163397394964704
Sono il processo 2. Il mio prodotto scalare parziale è: 78539.8163397394964704
Sono il processo 3. Il mio prodotto scalare parziale è: 78539.8163397394964704
Sono il processo 0. Il prodotto scalare è pari a : 314159.2653589579858817.
Sono il processo 0 : tempo di esecuzione totale di 0.0003948211669922 secondi.
