------------------------------------------------------
 This job is allocated on 4 cpu(s)
Job is running on node(s): 
wn273.scope.unina.it
wn273.scope.unina.it
wn273.scope.unina.it
wn273.scope.unina.it
------------------------------------------------------
PBS: qsub is running on ui-studenti.scope.unina.it
PBS: originating queue is studenti
PBS: executing queue is studenti
PBS: working directory is /homes/DIS/CALCPAR/2019/M63000769/elaborati/elaborato_2/prodotto_matrice_vettore_righe
PBS: execution mode is PBS_BATCH
PBS: job identifier is 3921671.torque02.scope.unina.it
PBS: job name is elaborato_2
PBS: node file is /var/spool/pbs/aux//3921671.torque02.scope.unina.it
PBS: current home directory is /homes/DIS/CALCPAR/2019/M63000769
PBS: PATH = /usr/lib64/openmpi/1.2.7-gcc/bin:/usr/kerberos/bin:/opt/exp_soft/unina.it/intel/composer_xe_2013_sp1.3.174/bin/intel64:/opt/exp_soft/unina.it/intel/composer_xe_2013_sp1.3.174/mpirt/bin/intel64:/opt/exp_soft/unina.it/intel/composer_xe_2013_sp1.3.174/bin/intel64:/opt/exp_soft/unina.it/intel/composer_xe_2013_sp1.3.174/bin/intel64_mic:/opt/exp_soft/unina.it/intel/composer_xe_2013_sp1.3.174/debugger/gui/intel64:/opt/d-cache/srm/bin:/opt/d-cache/dcap/bin:/opt/edg/bin:/opt/glite/bin:/opt/globus/bin:/opt/lcg/bin:/usr/local/bin:/bin:/usr/bin:/opt/exp_soft/HADOOP/hadoop-1.0.3/bin:/opt/exp_soft/unina.it/intel/composerxe/bin/intel64/:/opt/exp_soft/unina.it/MPJExpress/mpj-v0_38/bin:/homes/DIS/CALCPAR/2019/M63000769/bin
------------------------------------------------------
Eseguo: /usr/lib64/openmpi/1.4-gcc/bin/mpicc -o /homes/DIS/CALCPAR/2019/M63000769/elaborati/elaborato_2/prodotto_matrice_vettore_righe/elaborato_2 /homes/DIS/CALCPAR/2019/M63000769/elaborati/elaborato_2/prodotto_matrice_vettore_righe/elaborato_2.c
Eseguo: /usr/lib64/openmpi/1.4-gcc/bin/mpiexec -machinefile /var/spool/pbs/aux//3921671.torque02.scope.unina.it -np 4 /homes/DIS/CALCPAR/2019/M63000769/elaborati/elaborato_2/prodotto_matrice_vettore_righe/elaborato_2
Ciao sono il processo 1 e mi chiamo wn273.scope.unina.it
Ciao sono il processo 0 e mi chiamo wn273.scope.unina.it
Ciao sono il processo 2 e mi chiamo wn273.scope.unina.it
Ciao sono il processo 3 e mi chiamo wn273.scope.unina.it
Sono il processo 0. Il vettore risultato di 7 colonne è :
Stampa array del processo 0: 8.000000 	16.000000 	24.000000 	32.000000 	40.000000 	48.000000 	56.000000 	

Sono il processo 0: tempo di esecuzione totale di 0.0000109672546387 secondi.
