------------------------------------------------------
 This job is allocated on 4 cpu(s)
Job is running on node(s): 
wn273.scope.unina.it
wn273.scope.unina.it
wn273.scope.unina.it
wn273.scope.unina.it
------------------------------------------------------
PBS: qsub is running on ui-studenti.scope.unina.it
PBS: originating queue is studenti
PBS: executing queue is studenti
PBS: working directory is /homes/DIS/CALCPAR/2019/M63000796/esercizi/esercizio_7
PBS: execution mode is PBS_BATCH
PBS: job identifier is 3914951.torque02.scope.unina.it
PBS: job name is esercizio_7
PBS: node file is /var/spool/pbs/aux//3914951.torque02.scope.unina.it
PBS: current home directory is /homes/DIS/CALCPAR/2019/M63000796
PBS: PATH = /usr/lib64/openmpi/1.2.7-gcc/bin:/usr/kerberos/bin:/opt/exp_soft/unina.it/intel/composer_xe_2013_sp1.3.174/bin/intel64:/opt/exp_soft/unina.it/intel/composer_xe_2013_sp1.3.174/mpirt/bin/intel64:/opt/exp_soft/unina.it/intel/composer_xe_2013_sp1.3.174/bin/intel64:/opt/exp_soft/unina.it/intel/composer_xe_2013_sp1.3.174/bin/intel64_mic:/opt/exp_soft/unina.it/intel/composer_xe_2013_sp1.3.174/debugger/gui/intel64:/opt/d-cache/srm/bin:/opt/d-cache/dcap/bin:/opt/edg/bin:/opt/glite/bin:/opt/globus/bin:/opt/lcg/bin:/usr/local/bin:/bin:/usr/bin:/opt/exp_soft/HADOOP/hadoop-1.0.3/bin:/opt/exp_soft/unina.it/intel/composerxe/bin/intel64/:/opt/exp_soft/unina.it/MPJExpress/mpj-v0_38/bin:/homes/DIS/CALCPAR/2019/M63000796/bin
------------------------------------------------------
Eseguo: /usr/lib64/openmpi/1.4-gcc/bin/mpicc -o /homes/DIS/CALCPAR/2019/M63000796/esercizi/esercizio_7/esercizio_7 /homes/DIS/CALCPAR/2019/M63000796/esercizi/esercizio_7/esercizio_7.c
Eseguo: /usr/lib64/openmpi/1.4-gcc/bin/mpiexec -machinefile /var/spool/pbs/aux//3914951.torque02.scope.unina.it -np 4 /homes/DIS/CALCPAR/2019/M63000796/esercizi/esercizio_7/esercizio_7
Ciao sono il processo 0 e mi chiamo wn273.scope.unina.it
Ciao sono il processo 3 e mi chiamo wn273.scope.unina.it
Sono il processo 0. Ho ricevuto l'array : 
receiveArray[0] = 0 
receiveArray[1] = 1 
receiveArray[2] = 2 
receiveArray[3] = 3 
receiveArray[4] = 4 
receiveArray[5] = 5 
receiveArray[6] = 6 
receiveArray[7] = 7 

Ciao sono il processo 2 e mi chiamo wn273.scope.unina.it
Ciao sono il processo 1 e mi chiamo wn273.scope.unina.it
Sono il processo 1. Ho ricevuto l'array : 
receiveArray[0] = 8 
receiveArray[1] = 9 
receiveArray[2] = 10 
receiveArray[3] = 11 
receiveArray[4] = 12 
receiveArray[5] = 13 
receiveArray[6] = 14 
receiveArray[7] = 15 

Sono il processo 2. Ho ricevuto l'array : 
receiveArray[0] = 16 
receiveArray[1] = 17 
receiveArray[2] = 18 
receiveArray[3] = 19 
receiveArray[4] = 20 
receiveArray[5] = 21 
receiveArray[6] = 22 
receiveArray[7] = 23 

Sono il processo 3. Ho ricevuto l'array : 
receiveArray[0] = 24 
receiveArray[1] = 25 
receiveArray[2] = 26 
receiveArray[3] = 27 
receiveArray[4] = 28 
receiveArray[5] = 29 
receiveArray[6] = 30 
receiveArray[7] = 31 

