------------------------------------------------------
 This job is allocated on 3 cpu(s)
Job is running on node(s): 
wn273.scope.unina.it
wn273.scope.unina.it
wn273.scope.unina.it
------------------------------------------------------
PBS: qsub is running on ui-studenti.scope.unina.it
PBS: originating queue is studenti
PBS: executing queue is studenti
PBS: working directory is /homes/DIS/CALCPAR/2019/M63000769/esercizi/esercizio_5
PBS: execution mode is PBS_BATCH
PBS: job identifier is 3913866.torque02.scope.unina.it
PBS: job name is esercizio_5
PBS: node file is /var/spool/pbs/aux//3913866.torque02.scope.unina.it
PBS: current home directory is /homes/DIS/CALCPAR/2019/M63000769
PBS: PATH = /usr/lib64/openmpi/1.2.7-gcc/bin:/usr/kerberos/bin:/opt/exp_soft/unina.it/intel/composer_xe_2013_sp1.3.174/bin/intel64:/opt/exp_soft/unina.it/intel/composer_xe_2013_sp1.3.174/mpirt/bin/intel64:/opt/exp_soft/unina.it/intel/composer_xe_2013_sp1.3.174/bin/intel64:/opt/exp_soft/unina.it/intel/composer_xe_2013_sp1.3.174/bin/intel64_mic:/opt/exp_soft/unina.it/intel/composer_xe_2013_sp1.3.174/debugger/gui/intel64:/opt/d-cache/srm/bin:/opt/d-cache/dcap/bin:/opt/edg/bin:/opt/glite/bin:/opt/globus/bin:/opt/lcg/bin:/usr/local/bin:/bin:/usr/bin:/opt/exp_soft/HADOOP/hadoop-1.0.3/bin:/opt/exp_soft/unina.it/intel/composerxe/bin/intel64/:/opt/exp_soft/unina.it/MPJExpress/mpj-v0_38/bin:/homes/DIS/CALCPAR/2019/M63000769/bin
------------------------------------------------------
Eseguo: /usr/lib64/openmpi/1.4-gcc/bin/mpicc -o /homes/DIS/CALCPAR/2019/M63000769/esercizi/esercizio_5/esercizio_5 /homes/DIS/CALCPAR/2019/M63000769/esercizi/esercizio_5/esercizio_5.c
Eseguo: /usr/lib64/openmpi/1.4-gcc/bin/mpiexec -machinefile /var/spool/pbs/aux//3913866.torque02.scope.unina.it -np 3 /homes/DIS/CALCPAR/2019/M63000769/esercizi/esercizio_5/esercizio_5
Ciao sono il processo 2 e mi chiamo wn273.scope.unina.it
Ciao sono il processo 1 e mi chiamo wn273.scope.unina.it
Ciao sono il processo 0 e mi chiamo wn273.scope.unina.it
Sono il processo 0 e ho inizialmente il vettore
vector[0] = 0
vector[1] = 0
vector[2] = 0
vector[3] = 0
vector[4] = 0
vector[5] = 0
vector[6] = 0
vector[7] = 0
vector[8] = 0
vector[9] = 0
Sono il processo 1 e ho inizialmente il vettore
vector[0] = 1
vector[1] = 1
vector[2] = 1
vector[3] = 1
vector[4] = 1
vector[5] = 1
vector[6] = 1
vector[7] = 1
vector[8] = 1
vector[9] = 1
Sono il processo 2 e ho inizialmente il vettore
vector[0] = 2
vector[1] = 2
vector[2] = 2
vector[3] = 2
vector[4] = 2
vector[5] = 2
vector[6] = 2
vector[7] = 2
vector[8] = 2
vector[9] = 2
Sono il processo 0 e ho il vettore
vector[0] = 2
vector[1] = 2
vector[2] = 2
vector[3] = 2
vector[4] = 2
vector[5] = 2
vector[6] = 2
vector[7] = 2
vector[8] = 2
vector[9] = 2
Sono il processo 1 e ho il vettore
vector[0] = 0
vector[1] = 0
vector[2] = 0
vector[3] = 0
vector[4] = 0
vector[5] = 0
vector[6] = 0
vector[7] = 0
vector[8] = 0
vector[9] = 0
Sono il processo 2 e ho il vettore
vector[0] = 1
vector[1] = 1
vector[2] = 1
vector[3] = 1
vector[4] = 1
vector[5] = 1
vector[6] = 1
vector[7] = 1
vector[8] = 1
vector[9] = 1
