------------------------------------------------------
 This job is allocated on 4 cpu(s)
Job is running on node(s): 
wn273.scope.unina.it
wn273.scope.unina.it
wn274.scope.unina.it
wn274.scope.unina.it
------------------------------------------------------
PBS: qsub is running on ui-studenti.scope.unina.it
PBS: originating queue is studenti
PBS: executing queue is studenti
PBS: working directory is /homes/DIS/CALCPAR/2019/M63000769/elaborato_ibrido/
PBS: execution mode is PBS_BATCH
PBS: job identifier is 3929835.torque02.scope.unina.it
PBS: job name is elaborato_ibrido
PBS: node file is /var/spool/pbs/aux//3929835.torque02.scope.unina.it
PBS: current home directory is /homes/DIS/CALCPAR/2019/M63000769
PBS: PATH = /usr/lib64/openmpi/1.2.7-gcc/bin:/usr/kerberos/bin:/opt/exp_soft/unina.it/intel/composer_xe_2013_sp1.3.174/bin/intel64:/opt/exp_soft/unina.it/intel/composer_xe_2013_sp1.3.174/mpirt/bin/intel64:/opt/exp_soft/unina.it/intel/composer_xe_2013_sp1.3.174/bin/intel64:/opt/exp_soft/unina.it/intel/composer_xe_2013_sp1.3.174/bin/intel64_mic:/opt/exp_soft/unina.it/intel/composer_xe_2013_sp1.3.174/debugger/gui/intel64:/opt/d-cache/srm/bin:/opt/d-cache/dcap/bin:/opt/edg/bin:/opt/glite/bin:/opt/globus/bin:/opt/lcg/bin:/usr/local/bin:/bin:/usr/bin:/opt/exp_soft/HADOOP/hadoop-1.0.3/bin:/opt/exp_soft/unina.it/intel/composerxe/bin/intel64/:/opt/exp_soft/unina.it/MPJExpress/mpj-v0_38/bin:/homes/DIS/CALCPAR/2019/M63000769/bin
------------------------------------------------------
Ciao sono il processo 0 e mi chiamo wn273.scope.unina.it
[Thread 0] Il programma sarà eseguito con 2 threads per processo
Ciao sono il processo 1 e mi chiamo wn274.scope.unina.it
[Thread 0] Il programma sarà eseguito con 2 threads per processo
Sono il processo 0. Il vettore risultato di 7 righe è :
Stampa array del processo 0: 
25.1327412287183449 
50.2654824574366899 
75.3982236861550206 
100.5309649148733797 
125.6637061435917389 
150.7964473723100411 
175.9291886010284429 

Sono il processo 0: tempo di esecuzione totale di 0.0015048980712891 secondi.
