------------------------------------------------------
 This job is allocated on 2 cpu(s)
Job is running on node(s): 
wn273.scope.unina.it
wn273.scope.unina.it
------------------------------------------------------
PBS: qsub is running on ui-studenti.scope.unina.it
PBS: originating queue is studenti
PBS: executing queue is studenti
PBS: working directory is /homes/DIS/CALCPAR/2019/M63000769/esercizi/esercizio_4
PBS: execution mode is PBS_BATCH
PBS: job identifier is 3913744.torque02.scope.unina.it
PBS: job name is esercizio_4
PBS: node file is /var/spool/pbs/aux//3913744.torque02.scope.unina.it
PBS: current home directory is /homes/DIS/CALCPAR/2019/M63000769
PBS: PATH = /usr/lib64/openmpi/1.2.7-gcc/bin:/usr/kerberos/bin:/opt/exp_soft/unina.it/intel/composer_xe_2013_sp1.3.174/bin/intel64:/opt/exp_soft/unina.it/intel/composer_xe_2013_sp1.3.174/mpirt/bin/intel64:/opt/exp_soft/unina.it/intel/composer_xe_2013_sp1.3.174/bin/intel64:/opt/exp_soft/unina.it/intel/composer_xe_2013_sp1.3.174/bin/intel64_mic:/opt/exp_soft/unina.it/intel/composer_xe_2013_sp1.3.174/debugger/gui/intel64:/opt/d-cache/srm/bin:/opt/d-cache/dcap/bin:/opt/edg/bin:/opt/glite/bin:/opt/globus/bin:/opt/lcg/bin:/usr/local/bin:/bin:/usr/bin:/opt/exp_soft/HADOOP/hadoop-1.0.3/bin:/opt/exp_soft/unina.it/intel/composerxe/bin/intel64/:/opt/exp_soft/unina.it/MPJExpress/mpj-v0_38/bin:/homes/DIS/CALCPAR/2019/M63000769/bin
------------------------------------------------------
Eseguo: /usr/lib64/openmpi/1.4-gcc/bin/mpicc -o /homes/DIS/CALCPAR/2019/M63000769/esercizi/esercizio_4/esercizio_4 /homes/DIS/CALCPAR/2019/M63000769/esercizi/esercizio_4/esercizio_4.c
Eseguo: /usr/lib64/openmpi/1.4-gcc/bin/mpiexec -machinefile /var/spool/pbs/aux//3913744.torque02.scope.unina.it -np 2 /homes/DIS/CALCPAR/2019/M63000769/esercizi/esercizio_4/esercizio_4
Ciao sono il processo 0 e mi chiamo wn273.scope.unina.it
Sono il processo 0 e ho il vettore
vector[0] = 0
vector[1] = 1
vector[2] = 2
vector[3] = 3
vector[4] = 4
vector[5] = 5
vector[6] = 6
vector[7] = 7
vector[8] = 8
vector[9] = 9
Ciao sono il processo 1 e mi chiamo wn273.scope.unina.it
Sono il processo 1 e ho il vettore
vector[0] = 10
vector[1] = 11
vector[2] = 12
vector[3] = 13
vector[4] = 14
vector[5] = 3
vector[6] = 4
vector[7] = 5
vector[8] = 6
vector[9] = 19
